# JRE version: Java(TM) SE Runtime Environment 18.9 (11.0.16.1+1) (build 11.0.16.1+1-LTS-1)
# Java VM: Java HotSpot(TM) 64-Bit Server VM 18.9 (11.0.16.1+1-LTS-1, mixed mode, tiered, compressed oops, g1 gc, windows-amd64)
Heap:
 garbage-first heap   total 210944K, used 59355K [0x0000000083200000, 0x0000000100000000)
  region size 1024K, 7 young (7168K), 7 survivors (7168K)
 Metaspace       used 37940K, capacity 38694K, committed 38992K, reserved 1083392K
  class space    used 4169K, capacity 4486K, committed 4608K, reserved 1048576K
GC Heap History (10 events):
Event: 5.675 GC heap after
{Heap after GC invocations=5 (full 0):
 garbage-first heap   total 175104K, used 26676K [0x0000000083200000, 0x0000000100000000)
  region size 1024K, 2 young (2048K), 2 survivors (2048K)
 Metaspace       used 20861K, capacity 21077K, committed 21296K, reserved 1069056K
  class space    used 1962K, capacity 2065K, committed 2176K, reserved 1048576K
}
Event: 6.911 GC heap before
{Heap before GC invocations=6 (full 0):
 garbage-first heap   total 175104K, used 102452K [0x0000000083200000, 0x0000000100000000)
  region size 1024K, 76 young (77824K), 2 survivors (2048K)
 Metaspace       used 26633K, capacity 27096K, committed 27440K, reserved 1073152K
  class space    used 2663K, capacity 2830K, committed 2944K, reserved 1048576K
}
Event: 6.922 GC heap after
{Heap after GC invocations=7 (full 0):
 garbage-first heap   total 175104K, used 33111K [0x0000000083200000, 0x0000000100000000)
  region size 1024K, 9 young (9216K), 9 survivors (9216K)
 Metaspace       used 26633K, capacity 27096K, committed 27440K, reserved 1073152K
  class space    used 2663K, capacity 2830K, committed 2944K, reserved 1048576K
}
Event: 7.826 GC heap before
{Heap before GC invocations=7 (full 0):
 garbage-first heap   total 175104K, used 108887K [0x0000000083200000, 0x0000000100000000)
  region size 1024K, 83 young (84992K), 9 survivors (9216K)
 Metaspace       used 29219K, capacity 29720K, committed 30000K, reserved 1077248K
  class space    used 2963K, capacity 3155K, committed 3200K, reserved 1048576K
}
Event: 7.845 GC heap after
{Heap after GC invocations=8 (full 0):
 garbage-first heap   total 175104K, used 40362K [0x0000000083200000, 0x0000000100000000)
  region size 1024K, 8 young (8192K), 8 survivors (8192K)
 Metaspace       used 29219K, capacity 29720K, committed 30000K, reserved 1077248K
  class space    used 2963K, capacity 3155K, committed 3200K, reserved 1048576K
}
Event: 8.905 GC heap before
{Heap before GC invocations=8 (full 0):
 garbage-first heap   total 175104K, used 116138K [0x0000000083200000, 0x0000000100000000)
  region size 1024K, 82 young (83968K), 8 survivors (8192K)
 Metaspace       used 33431K, capacity 33947K, committed 34224K, reserved 1079296K
  class space    used 3505K, capacity 3714K, committed 3840K, reserved 1048576K
}
Event: 8.919 GC heap after
{Heap after GC invocations=9 (full 0):
 garbage-first heap   total 175104K, used 47404K [0x0000000083200000, 0x0000000100000000)
  region size 1024K, 7 young (7168K), 7 survivors (7168K)
 Metaspace       used 33431K, capacity 33947K, committed 34224K, reserved 1079296K
  class space    used 3505K, capacity 3714K, committed 3840K, reserved 1048576K
}
Event: 9.536 GC heap before
{Heap before GC invocations=9 (full 0):
 garbage-first heap   total 175104K, used 71980K [0x0000000083200000, 0x0000000100000000)
  region size 1024K, 32 young (32768K), 7 survivors (7168K)
 Metaspace       used 35154K, capacity 35772K, committed 35920K, reserved 1081344K
  class space    used 3745K, capacity 4037K, committed 4096K, reserved 1048576K
}
Event: 9.558 GC heap after
{Heap after GC invocations=10 (full 0):
 garbage-first heap   total 175104K, used 50493K [0x0000000083200000, 0x0000000100000000)
  region size 1024K, 3 young (3072K), 3 survivors (3072K)
 Metaspace       used 35154K, capacity 35772K, committed 35920K, reserved 1081344K
  class space    used 3745K, capacity 4037K, committed 4096K, reserved 1048576K
}
Event: 14.169 GC heap before
{Heap before GC invocations=11 (full 0):
 garbage-first heap   total 175104K, used 118077K [0x0000000083200000, 0x0000000100000000)
  region size 1024K, 64 young (65536K), 3 survivors (3072K)
 Metaspace       used 37940K, capacity 38694K, committed 38992K, reserved 1083392K
  class space    used 4169K, capacity 4486K, committed 4608K, reserved 1048576K
}

