<?xml version="1.0" encoding="UTF-8"?>
<!-- Generated by org.testng.reporters.JUnitXMLReporter -->
<testsuite ignored="0" hostname="LAPTOP-E00FH6K0" failures="0" tests="3" name="Default test" time="158.631" errors="0" timestamp="2023-01-26T14:27:21 ICT">
  <testcase classname="sales_order.Sales_PPN_107" name="firstTest" time="0.234"/>
  <testcase classname="sales_order.Sales_PPN_107" name="secondTest" time="0.039"/>
  <testcase classname="sales_order.Sales_PPN_107" name="thirdTest" time="7.18"/>
</testsuite> <!-- Default test -->
