<?xml version="1.0" encoding="UTF-8"?>
<!-- Generated by org.testng.reporters.JUnitXMLReporter -->
<testsuite ignored="0" hostname="LAPTOP-E00FH6K0" failures="0" tests="6" name="Test7" time="78.094" errors="0" timestamp="2023-01-26T16:02:07 ICT">
  <testcase classname="stb_hasil_produksi.Warehouse_FG_9" name="inputSTBBox" time="20.879"/>
  <testcase classname="stb_hasil_produksi.Warehouse_FG_9" name="inputSTBPartisi1" time="19.777"/>
  <testcase classname="stb_hasil_produksi.Warehouse_FG_9" name="inputSTBPartisi2" time="17.833"/>
  <testcase classname="stb_hasil_produksi.Warehouse_FG_9" name="VerifyStockBalanceBox" time="12.685"/>
  <testcase classname="stb_hasil_produksi.Warehouse_FG_9" name="VerifyStockBalancePartisi1" time="0.03"/>
  <testcase classname="stb_hasil_produksi.Warehouse_FG_9" name="VerifyStockBalancePartisi2" time="0.029"/>
</testsuite> <!-- Test7 -->
