<?xml version="1.0" encoding="UTF-8"?>
<!-- Generated by org.testng.reporters.JUnitXMLReporter -->
<testsuite ignored="0" hostname="LAPTOP-E00FH6K0" failures="0" tests="3" name="Test1" time="165.401" errors="0" timestamp="2023-01-26T15:56:15 ICT">
  <testcase classname="sales_order.Sales_PPN_107" name="firstTest" time="0.589"/>
  <testcase classname="sales_order.Sales_PPN_107" name="secondTest" time="0.044"/>
  <testcase classname="sales_order.Sales_PPN_107" name="thirdTest" time="107.123"/>
</testsuite> <!-- Test1 -->
