<?xml version="1.0" encoding="UTF-8"?>
<!-- Generated by org.testng.reporters.JUnitXMLReporter -->
<testsuite ignored="0" hostname="LAPTOP-E00FH6K0" failures="0" tests="3" name="Test1" time="30.998" errors="0" timestamp="2023-01-22T19:08:29 ICT">
  <testcase classname="sales_order.CreateSalesOrderwith11prcntPPN_BoxPartisi1Partisi2" name="firstTest" time="0.349"/>
  <testcase classname="sales_order.CreateSalesOrderwith11prcntPPN_BoxPartisi1Partisi2" name="secondTest" time="0.068"/>
  <testcase classname="sales_order.CreateSalesOrderwith11prcntPPN_BoxPartisi1Partisi2" name="thirdTest" time="0.38"/>
</testsuite> <!-- Test1 -->
