<?xml version="1.0" encoding="UTF-8"?>
<!-- Generated by org.testng.reporters.JUnitXMLReporter -->
<testsuite ignored="0" hostname="LAPTOP-E00FH6K0" failures="2" tests="21" name="Test3" time="86.677" errors="0" timestamp="2023-01-26T15:58:43 ICT">
  <testcase classname="work_order_spk.Production_12" name="firstTes" time="69.465"/>
  <testcase classname="work_order_spk.Production_12" name="calculate_outKertas_box" time="0.018"/>
  <testcase classname="work_order_spk.Production_12" name="calculate_corr_box" time="0.014"/>
  <testcase classname="work_order_spk.Production_12" name="calculate_beratBox_box" time="0.023">
    <failure type="java.lang.AssertionError" message="expected [133.08] but found [133.09]">
      <![CDATA[java.lang.AssertionError: expected [133.08] but found [133.09]
at work_order_spk.Production_12.calculate_beratBox_box(Production_12.java:209)
at java.base/java.util.ArrayList.forEach(ArrayList.java:1541)
... Removed 32 stack frames]]>
    </failure>
  </testcase> <!-- calculate_beratBox_box -->
  <testcase classname="work_order_spk.Production_12" name="calculate_beratOrder_box" time="0.003"/>
  <testcase classname="work_order_spk.Production_12" name="calculate_beratTrim_box" time="0.002">
    <failure type="java.lang.AssertionError" message="expected [0.48433003] but found [0.48433]">
      <![CDATA[java.lang.AssertionError: expected [0.48433003] but found [0.48433]
at work_order_spk.Production_12.calculate_beratTrim_box(Production_12.java:237)
at java.base/java.util.ArrayList.forEach(ArrayList.java:1541)
... Removed 32 stack frames]]>
    </failure>
  </testcase> <!-- calculate_beratTrim_box -->
  <testcase classname="work_order_spk.Production_12" name="calculate_beratSubstanceBox1" time="0.012"/>
  <testcase classname="work_order_spk.Production_12" name="calculate_beratSubstanceBox2" time="0.007"/>
  <testcase classname="work_order_spk.Production_12" name="calculate_beratSubstanceBox3" time="0.004"/>
  <testcase classname="work_order_spk.Production_12" name="calculate_beratSubstanceBox4" time="0.006"/>
  <testcase classname="work_order_spk.Production_12" name="calculate_beratSubstanceBox5" time="0.003"/>
  <testcase classname="work_order_spk.Production_12" name="calculate_outKertas_partisi" time="0.008"/>
  <testcase classname="work_order_spk.Production_12" name="calculate_corr_partisi" time="0.003"/>
  <testcase classname="work_order_spk.Production_12" name="calculate_beratBox_partisi" time="0.004"/>
  <testcase classname="work_order_spk.Production_12" name="calculate_beratOrder_partisi" time="0.003"/>
  <testcase classname="work_order_spk.Production_12" name="calculate_beratTrim_partisi" time="0.004"/>
  <testcase classname="work_order_spk.Production_12" name="calculate_beratSubstancePartisi1" time="0.003"/>
  <testcase classname="work_order_spk.Production_12" name="calculate_beratSubstancePartisi2" time="0.008"/>
  <testcase classname="work_order_spk.Production_12" name="calculate_beratSubstancePartisi3" time="0.008"/>
  <testcase classname="work_order_spk.Production_12" name="calculate_beratSubstancePartisi4" time="0.003"/>
  <testcase classname="work_order_spk.Production_12" name="calculate_beratSubstancePartisi5" time="0.005"/>
</testsuite> <!-- Test3 -->
