<?xml version="1.0" encoding="UTF-8"?>
<!-- Generated by org.testng.reporters.JUnitXMLReporter -->
<testsuite ignored="0" hostname="LAPTOP-E00FH6K0" failures="1" tests="1" name="Test4" time="24.353" errors="0" timestamp="2023-01-22T19:11:20 ICT">
  <testcase classname="perpindahan_wip.PerpindahanWIPBoxPartisi" name="firstTest" time="19.699">
    <failure type="org.openqa.selenium.ElementClickInterceptedException" message="element click intercepted: Element &amp;lt;button type=&amp;quot;button&amp;quot; class=&amp;quot;ant-btn ant-btn-primary&amp;quot;&amp;gt;...&amp;lt;/button&amp;gt; is not clickable at point (598, 360). Other element would receive the click: &amp;lt;div tabindex=&amp;quot;-1&amp;quot; class=&amp;quot;ant-modal-wrap&amp;quot;&amp;gt;...&amp;lt;/div&amp;gt;
  (Session info: chrome=109.0.5414.75)
Build info: version: &amp;apos;4.4.0&amp;apos;, revision: &amp;apos;e5c75ed026a&amp;apos;
System info: host: &amp;apos;LAPTOP-E00FH6K0&amp;apos;, ip: &amp;apos;172.21.32.1&amp;apos;, os.name: &amp;apos;Windows 11&amp;apos;, os.arch: &amp;apos;amd64&amp;apos;, os.version: &amp;apos;10.0&amp;apos;, java.version: &amp;apos;11.0.16.1&amp;apos;
Driver info: org.openqa.selenium.chrome.ChromeDriver
Command: [81a4977cbe85b1caeb3ac5d2eedc98c2, clickElement {id=92f5ea88-0902-4877-8d15-d367506095c0}]
Capabilities {acceptInsecureCerts: false, browserName: chrome, browserVersion: 109.0.5414.75, chrome: {chromedriverVersion: 109.0.5414.74 (e7c5703604da..., userDataDir: C:\Users\Shelly\AppData\Loc...}, goog:chromeOptions: {debuggerAddress: localhost:64544}, networkConnectionEnabled: false, pageLoadStrategy: normal, platformName: WINDOWS, proxy: Proxy(), se:cdp: ws://localhost:64544/devtoo..., se:cdpVersion: 109.0.5414.75, setWindowRect: true, strictFileInteractability: false, timeouts: {implicit: 0, pageLoad: 300000, script: 30000}, unhandledPromptBehavior: dismiss and notify, webauthn:extension:credBlob: true, webauthn:extension:largeBlob: true, webauthn:virtualAuthenticators: true}
Element: [[ChromeDriver: chrome on WINDOWS (81a4977cbe85b1caeb3ac5d2eedc98c2)] -&amp;gt; xpath: //button[contains(@class, &amp;apos;ant-btn ant-btn-primary&amp;apos;) and contains(span, &amp;apos;Yes&amp;apos;)]]
Session ID: 81a4977cbe85b1caeb3ac5d2eedc98c2">
      <![CDATA[org.openqa.selenium.ElementClickInterceptedException: element click intercepted: Element <button type="button" class="ant-btn ant-btn-primary">...</button> is not clickable at point (598, 360). Other element would receive the click: <div tabindex="-1" class="ant-modal-wrap">...</div>
  (Session info: chrome=109.0.5414.75)
Build info: version: '4.4.0', revision: 'e5c75ed026a'
System info: host: 'LAPTOP-E00FH6K0', ip: '172.21.32.1', os.name: 'Windows 11', os.arch: 'amd64', os.version: '10.0', java.version: '11.0.16.1'
Driver info: org.openqa.selenium.chrome.ChromeDriver
Command: [81a4977cbe85b1caeb3ac5d2eedc98c2, clickElement {id=92f5ea88-0902-4877-8d15-d367506095c0}]
Capabilities {acceptInsecureCerts: false, browserName: chrome, browserVersion: 109.0.5414.75, chrome: {chromedriverVersion: 109.0.5414.74 (e7c5703604da..., userDataDir: C:\Users\Shelly\AppData\Loc...}, goog:chromeOptions: {debuggerAddress: localhost:64544}, networkConnectionEnabled: false, pageLoadStrategy: normal, platformName: WINDOWS, proxy: Proxy(), se:cdp: ws://localhost:64544/devtoo..., se:cdpVersion: 109.0.5414.75, setWindowRect: true, strictFileInteractability: false, timeouts: {implicit: 0, pageLoad: 300000, script: 30000}, unhandledPromptBehavior: dismiss and notify, webauthn:extension:credBlob: true, webauthn:extension:largeBlob: true, webauthn:virtualAuthenticators: true}
Element: [[ChromeDriver: chrome on WINDOWS (81a4977cbe85b1caeb3ac5d2eedc98c2)] -> xpath: //button[contains(@class, 'ant-btn ant-btn-primary') and contains(span, 'Yes')]]
Session ID: 81a4977cbe85b1caeb3ac5d2eedc98c2
at org.openqa.selenium.remote.codec.w3c.W3CHttpResponseCodec.createException(W3CHttpResponseCodec.java:200)
at org.openqa.selenium.remote.codec.w3c.W3CHttpResponseCodec.decode(W3CHttpResponseCodec.java:133)
at org.openqa.selenium.remote.codec.w3c.W3CHttpResponseCodec.decode(W3CHttpResponseCodec.java:53)
at org.openqa.selenium.remote.HttpCommandExecutor.execute(HttpCommandExecutor.java:184)
at org.openqa.selenium.remote.service.DriverCommandExecutor.invokeExecute(DriverCommandExecutor.java:167)
at org.openqa.selenium.remote.service.DriverCommandExecutor.execute(DriverCommandExecutor.java:142)
at org.openqa.selenium.remote.RemoteWebDriver.execute(RemoteWebDriver.java:547)
at org.openqa.selenium.remote.RemoteWebElement.execute(RemoteWebElement.java:257)
at org.openqa.selenium.remote.RemoteWebElement.click(RemoteWebElement.java:78)
at pages.PerpindahanWIPPage.click_yesSubmit(PerpindahanWIPPage.java:74)
at perpindahan_wip.PerpindahanWIPBoxPartisi.firstTest(PerpindahanWIPBoxPartisi.java:89)
at java.base/java.util.ArrayList.forEach(ArrayList.java:1541)
... Removed 31 stack frames]]>
    </failure>
  </testcase> <!-- firstTest -->
</testsuite> <!-- Test4 -->
